{"/Users/erikrehn/Desktop/fun/rtcdux/src/index.ts": {"path":"/Users/erikrehn/Desktop/fun/rtcdux/src/index.ts","statementMap":{"0":{"start":{"line":1,"column":0},"end":{"line":1,"column":7}},"1":{"start":{"line":3,"column":9},"end":{"line":1,"column":44}}},"fnMap":{},"branchMap":{},"s":{"0":1,"1":1},"f":{},"b":{}}
,"/Users/erikrehn/Desktop/fun/rtcdux/src/lib/RTCClient.ts": {"path":"/Users/erikrehn/Desktop/fun/rtcdux/src/lib/RTCClient.ts","statementMap":{"0":{"start":{"line":1,"column":0},"end":{"line":1,"column":26}},"1":{"start":{"line":2,"column":0},"end":{"line":2,"column":39}},"2":{"start":{"line":4,"column":0},"end":{"line":4,"column":54}},"3":{"start":{"line":6,"column":0},"end":{"line":6,"column":32}},"4":{"start":{"line":7,"column":0},"end":{"line":7,"column":null}},"5":{"start":{"line":11,"column":0},"end":{"line":11,"column":50}},"6":{"start":{"line":13,"column":27},"end":{"line":13,"column":37}},"7":{"start":{"line":14,"column":36},"end":{"line":14,"column":58}},"8":{"start":{"line":20,"column":0},"end":{"line":20,"column":66}},"9":{"start":{"line":20,"column":31},"end":{"line":20,"column":43}},"10":{"start":{"line":31,"column":4},"end":{"line":31,"column":null}},"11":{"start":{"line":22,"column":10},"end":{"line":22,"column":62}},"12":{"start":{"line":32,"column":4},"end":{"line":32,"column":38}},"13":{"start":{"line":33,"column":4},"end":{"line":33,"column":27}},"14":{"start":{"line":34,"column":4},"end":{"line":34,"column":17}},"15":{"start":{"line":35,"column":4},"end":{"line":38,"column":7}},"16":{"start":{"line":36,"column":6},"end":{"line":36,"column":36}},"17":{"start":{"line":37,"column":6},"end":{"line":37,"column":38}},"18":{"start":{"line":39,"column":4},"end":{"line":42,"column":7}},"19":{"start":{"line":40,"column":6},"end":{"line":40,"column":25}},"20":{"start":{"line":41,"column":6},"end":{"line":41,"column":18}},"21":{"start":{"line":44,"column":4},"end":{"line":44,"column":30}},"22":{"start":{"line":47,"column":12},"end":{"line":49,"column":null}},"23":{"start":{"line":47,"column":16},"end":{"line":47,"column":30}},"24":{"start":{"line":48,"column":4},"end":{"line":48,"column":62}},"25":{"start":{"line":51,"column":10},"end":{"line":57,"column":null}},"26":{"start":{"line":52,"column":4},"end":{"line":52,"column":68}},"27":{"start":{"line":53,"column":4},"end":{"line":56,"column":35}},"28":{"start":{"line":59,"column":9},"end":{"line":61,"column":null}},"29":{"start":{"line":60,"column":4},"end":{"line":60,"column":19}},"30":{"start":{"line":63,"column":10},"end":{"line":65,"column":null}},"31":{"start":{"line":64,"column":4},"end":{"line":64,"column":54}},"32":{"start":{"line":67,"column":9},"end":{"line":93,"column":null}},"33":{"start":{"line":67,"column":2},"end":{"line":67,"column":9}},"34":{"start":{"line":68,"column":4},"end":{"line":68,"column":42}},"35":{"start":{"line":69,"column":4},"end":{"line":69,"column":50}},"36":{"start":{"line":69,"column":43},"end":{"line":69,"column":50}},"37":{"start":{"line":71,"column":23},"end":{"line":71,"column":54}},"38":{"start":{"line":72,"column":4},"end":{"line":72,"column":45}},"39":{"start":{"line":74,"column":4},"end":{"line":77,"column":7}},"40":{"start":{"line":75,"column":6},"end":{"line":75,"column":19}},"41":{"start":{"line":76,"column":6},"end":{"line":76,"column":18}},"42":{"start":{"line":79,"column":4},"end":{"line":79,"column":40}},"43":{"start":{"line":81,"column":4},"end":{"line":92,"column":7}},"44":{"start":{"line":82,"column":6},"end":{"line":91,"column":9}},"45":{"start":{"line":83,"column":8},"end":{"line":88,"column":10}},"46":{"start":{"line":89,"column":8},"end":{"line":89,"column":80}},"47":{"start":{"line":90,"column":8},"end":{"line":90,"column":14}},"48":{"start":{"line":95,"column":9},"end":{"line":97,"column":null}},"49":{"start":{"line":96,"column":4},"end":{"line":96,"column":37}},"50":{"start":{"line":99,"column":9},"end":{"line":101,"column":null}},"51":{"start":{"line":100,"column":4},"end":{"line":100,"column":22}},"52":{"start":{"line":103,"column":9},"end":{"line":105,"column":null}},"53":{"start":{"line":104,"column":4},"end":{"line":104,"column":30}},"54":{"start":{"line":107,"column":9},"end":{"line":110,"column":null}},"55":{"start":{"line":108,"column":4},"end":{"line":108,"column":18}},"56":{"start":{"line":109,"column":4},"end":{"line":109,"column":24}},"57":{"start":{"line":112,"column":10},"end":{"line":121,"column":null}},"58":{"start":{"line":112,"column":2},"end":{"line":112,"column":10}},"59":{"start":{"line":113,"column":4},"end":{"line":116,"column":7}},"60":{"start":{"line":114,"column":6},"end":{"line":114,"column":47}},"61":{"start":{"line":115,"column":6},"end":{"line":115,"column":27}},"62":{"start":{"line":118,"column":4},"end":{"line":120,"column":7}},"63":{"start":{"line":119,"column":6},"end":{"line":119,"column":41}},"64":{"start":{"line":123,"column":15},"end":{"line":134,"column":null}},"65":{"start":{"line":124,"column":4},"end":{"line":133,"column":7}},"66":{"start":{"line":125,"column":6},"end":{"line":128,"column":9}},"67":{"start":{"line":126,"column":8},"end":{"line":126,"column":48}},"68":{"start":{"line":127,"column":8},"end":{"line":127,"column":26}},"69":{"start":{"line":130,"column":6},"end":{"line":132,"column":9}},"70":{"start":{"line":131,"column":8},"end":{"line":131,"column":19}},"71":{"start":{"line":136,"column":9},"end":{"line":138,"column":null}},"72":{"start":{"line":137,"column":4},"end":{"line":137,"column":25}},"73":{"start":{"line":140,"column":9},"end":{"line":145,"column":null}},"74":{"start":{"line":141,"column":4},"end":{"line":144,"column":7}},"75":{"start":{"line":147,"column":9},"end":{"line":158,"column":null}},"76":{"start":{"line":148,"column":4},"end":{"line":148,"column":21}},"77":{"start":{"line":149,"column":4},"end":{"line":149,"column":75}},"78":{"start":{"line":151,"column":16},"end":{"line":151,"column":35}},"79":{"start":{"line":152,"column":4},"end":{"line":155,"column":null}},"80":{"start":{"line":152,"column":29},"end":{"line":152,"column":48}},"81":{"start":{"line":152,"column":46},"end":{"line":152,"column":48}},"82":{"start":{"line":152,"column":25},"end":{"line":152,"column":29}},"83":{"start":{"line":153,"column":23},"end":{"line":153,"column":50}},"84":{"start":{"line":154,"column":6},"end":{"line":154,"column":44}},"85":{"start":{"line":154,"column":25},"end":{"line":154,"column":44}},"86":{"start":{"line":157,"column":4},"end":{"line":157,"column":24}},"87":{"start":{"line":160,"column":10},"end":{"line":164,"column":null}},"88":{"start":{"line":161,"column":4},"end":{"line":163,"column":null}},"89":{"start":{"line":162,"column":6},"end":{"line":162,"column":40}},"90":{"start":{"line":166,"column":10},"end":{"line":180,"column":null}},"91":{"start":{"line":167,"column":4},"end":{"line":169,"column":null}},"92":{"start":{"line":168,"column":6},"end":{"line":168,"column":26}},"93":{"start":{"line":171,"column":4},"end":{"line":171,"column":39}},"94":{"start":{"line":172,"column":4},"end":{"line":172,"column":23}},"95":{"start":{"line":173,"column":4},"end":{"line":173,"column":35}},"96":{"start":{"line":174,"column":4},"end":{"line":179,"column":7}},"97":{"start":{"line":182,"column":10},"end":{"line":215,"column":null}},"98":{"start":{"line":182,"column":2},"end":{"line":182,"column":10}},"99":{"start":{"line":183,"column":4},"end":{"line":183,"column":75}},"100":{"start":{"line":185,"column":4},"end":{"line":199,"column":null}},"101":{"start":{"line":186,"column":6},"end":{"line":188,"column":null}},"102":{"start":{"line":187,"column":8},"end":{"line":187,"column":77}},"103":{"start":{"line":190,"column":6},"end":{"line":198,"column":null}},"104":{"start":{"line":191,"column":8},"end":{"line":197,"column":11}},"105":{"start":{"line":201,"column":4},"end":{"line":210,"column":null}},"106":{"start":{"line":202,"column":6},"end":{"line":209,"column":null}},"107":{"start":{"line":203,"column":8},"end":{"line":206,"column":16}},"108":{"start":{"line":204,"column":10},"end":{"line":204,"column":23}},"109":{"start":{"line":205,"column":10},"end":{"line":205,"column":45}},"110":{"start":{"line":208,"column":8},"end":{"line":208,"column":43}},"111":{"start":{"line":212,"column":4},"end":{"line":212,"column":38}},"112":{"start":{"line":214,"column":4},"end":{"line":214,"column":33}},"113":{"start":{"line":217,"column":9},"end":{"line":232,"column":null}},"114":{"start":{"line":218,"column":4},"end":{"line":218,"column":32}},"115":{"start":{"line":219,"column":4},"end":{"line":221,"column":null}},"116":{"start":{"line":220,"column":6},"end":{"line":220,"column":57}},"117":{"start":{"line":223,"column":19},"end":{"line":223,"column":31}},"118":{"start":{"line":225,"column":4},"end":{"line":227,"column":null}},"119":{"start":{"line":226,"column":6},"end":{"line":226,"column":44}},"120":{"start":{"line":229,"column":4},"end":{"line":231,"column":null}},"121":{"start":{"line":230,"column":6},"end":{"line":230,"column":46}},"122":{"start":{"line":234,"column":15},"end":{"line":246,"column":null}},"123":{"start":{"line":235,"column":4},"end":{"line":235,"column":36}},"124":{"start":{"line":235,"column":29},"end":{"line":235,"column":36}},"125":{"start":{"line":236,"column":4},"end":{"line":245,"column":null}},"126":{"start":{"line":238,"column":6},"end":{"line":238,"column":47}},"127":{"start":{"line":238,"column":38},"end":{"line":238,"column":47}},"128":{"start":{"line":242,"column":6},"end":{"line":244,"column":null}},"129":{"start":{"line":243,"column":8},"end":{"line":243,"column":33}},"130":{"start":{"line":248,"column":10},"end":{"line":253,"column":null}},"131":{"start":{"line":249,"column":4},"end":{"line":252,"column":null}},"132":{"start":{"line":249,"column":29},"end":{"line":249,"column":48}},"133":{"start":{"line":249,"column":46},"end":{"line":249,"column":48}},"134":{"start":{"line":249,"column":25},"end":{"line":249,"column":29}},"135":{"start":{"line":251,"column":6},"end":{"line":251,"column":75}},"136":{"start":{"line":251,"column":45},"end":{"line":251,"column":75}},"137":{"start":{"line":255,"column":15},"end":{"line":272,"column":null}},"138":{"start":{"line":256,"column":4},"end":{"line":256,"column":36}},"139":{"start":{"line":256,"column":29},"end":{"line":256,"column":36}},"140":{"start":{"line":259,"column":4},"end":{"line":269,"column":null}},"141":{"start":{"line":259,"column":15},"end":{"line":259,"column":29}},"142":{"start":{"line":261,"column":6},"end":{"line":261,"column":48}},"143":{"start":{"line":261,"column":39},"end":{"line":261,"column":48}},"144":{"start":{"line":264,"column":6},"end":{"line":264,"column":59}},"145":{"start":{"line":264,"column":50},"end":{"line":264,"column":59}},"146":{"start":{"line":266,"column":6},"end":{"line":266,"column":42}},"147":{"start":{"line":268,"column":6},"end":{"line":268,"column":42}},"148":{"start":{"line":271,"column":4},"end":{"line":271,"column":19}},"149":{"start":{"line":273,"column":0},"end":{"line":273,"column":null}},"150":{"start":{"line":20,"column":13},"end":{"line":20,"column":22}}},"fnMap":{"0":{"name":"(anonymous_24)","decl":{"start":{"line":20,"column":0},"end":{"line":20,"column":13}},"loc":{"start":{"line":20,"column":0},"end":{"line":273,"column":null}}},"1":{"name":"RTCClient","decl":{"start":{"line":30,"column":2},"end":{"line":30,"column":14}},"loc":{"start":{"line":30,"column":25},"end":{"line":45,"column":3}}},"2":{"name":"(anonymous_26)","decl":{"start":{"line":35,"column":31},"end":{"line":35,"column":32}},"loc":{"start":{"line":35,"column":36},"end":{"line":38,"column":5}}},"3":{"name":"(anonymous_27)","decl":{"start":{"line":39,"column":26},"end":{"line":39,"column":27}},"loc":{"start":{"line":39,"column":32},"end":{"line":42,"column":5}}},"4":{"name":"(anonymous_28)","decl":{"start":{"line":47,"column":2},"end":{"line":47,"column":12}},"loc":{"start":{"line":47,"column":2},"end":{"line":49,"column":3}}},"5":{"name":"(anonymous_29)","decl":{"start":{"line":51,"column":2},"end":{"line":51,"column":10}},"loc":{"start":{"line":51,"column":2},"end":{"line":57,"column":3}}},"6":{"name":"(anonymous_30)","decl":{"start":{"line":59,"column":2},"end":{"line":59,"column":9}},"loc":{"start":{"line":59,"column":2},"end":{"line":61,"column":3}}},"7":{"name":"(anonymous_31)","decl":{"start":{"line":63,"column":2},"end":{"line":63,"column":10}},"loc":{"start":{"line":63,"column":2},"end":{"line":65,"column":3}}},"8":{"name":"(anonymous_32)","decl":{"start":{"line":67,"column":2},"end":{"line":67,"column":9}},"loc":{"start":{"line":67,"column":37},"end":{"line":93,"column":3}}},"9":{"name":"(anonymous_33)","decl":{"start":{"line":74,"column":27},"end":{"line":74,"column":28}},"loc":{"start":{"line":74,"column":33},"end":{"line":77,"column":5}}},"10":{"name":"(anonymous_34)","decl":{"start":{"line":81,"column":29},"end":{"line":81,"column":30}},"loc":{"start":{"line":81,"column":33},"end":{"line":92,"column":5}}},"11":{"name":"(anonymous_35)","decl":{"start":{"line":82,"column":28},"end":{"line":82,"column":null}},"loc":{"start":{"line":82,"column":28},"end":{"line":91,"column":7}}},"12":{"name":"(anonymous_36)","decl":{"start":{"line":95,"column":2},"end":{"line":95,"column":9}},"loc":{"start":{"line":95,"column":2},"end":{"line":97,"column":3}}},"13":{"name":"(anonymous_37)","decl":{"start":{"line":99,"column":2},"end":{"line":99,"column":9}},"loc":{"start":{"line":99,"column":2},"end":{"line":101,"column":3}}},"14":{"name":"(anonymous_38)","decl":{"start":{"line":103,"column":2},"end":{"line":103,"column":9}},"loc":{"start":{"line":103,"column":2},"end":{"line":105,"column":3}}},"15":{"name":"(anonymous_39)","decl":{"start":{"line":107,"column":2},"end":{"line":107,"column":9}},"loc":{"start":{"line":107,"column":2},"end":{"line":110,"column":3}}},"16":{"name":"(anonymous_40)","decl":{"start":{"line":112,"column":2},"end":{"line":112,"column":10}},"loc":{"start":{"line":112,"column":60},"end":{"line":121,"column":3}}},"17":{"name":"(anonymous_41)","decl":{"start":{"line":113,"column":26},"end":{"line":113,"column":27}},"loc":{"start":{"line":113,"column":31},"end":{"line":116,"column":5}}},"18":{"name":"(anonymous_42)","decl":{"start":{"line":118,"column":27},"end":{"line":118,"column":null}},"loc":{"start":{"line":118,"column":27},"end":{"line":120,"column":5}}},"19":{"name":"(anonymous_43)","decl":{"start":{"line":123,"column":2},"end":{"line":123,"column":15}},"loc":{"start":{"line":123,"column":2},"end":{"line":134,"column":null}}},"20":{"name":"(anonymous_46)","decl":{"start":{"line":124,"column":31},"end":{"line":124,"column":32}},"loc":{"start":{"line":124,"column":40},"end":{"line":133,"column":5}}},"21":{"name":"(anonymous_47)","decl":{"start":{"line":125,"column":27},"end":{"line":125,"column":null}},"loc":{"start":{"line":125,"column":27},"end":{"line":128,"column":7}}},"22":{"name":"(anonymous_48)","decl":{"start":{"line":130,"column":28},"end":{"line":130,"column":29}},"loc":{"start":{"line":130,"column":34},"end":{"line":132,"column":7}}},"23":{"name":"(anonymous_49)","decl":{"start":{"line":136,"column":2},"end":{"line":136,"column":9}},"loc":{"start":{"line":136,"column":2},"end":{"line":138,"column":3}}},"24":{"name":"(anonymous_50)","decl":{"start":{"line":140,"column":2},"end":{"line":140,"column":9}},"loc":{"start":{"line":140,"column":2},"end":{"line":145,"column":3}}},"25":{"name":"(anonymous_51)","decl":{"start":{"line":147,"column":2},"end":{"line":147,"column":9}},"loc":{"start":{"line":147,"column":31},"end":{"line":158,"column":3}}},"26":{"name":"(anonymous_52)","decl":{"start":{"line":160,"column":2},"end":{"line":160,"column":10}},"loc":{"start":{"line":160,"column":42},"end":{"line":164,"column":3}}},"27":{"name":"(anonymous_53)","decl":{"start":{"line":166,"column":2},"end":{"line":166,"column":10}},"loc":{"start":{"line":166,"column":2},"end":{"line":180,"column":3}}},"28":{"name":"(anonymous_54)","decl":{"start":{"line":182,"column":2},"end":{"line":182,"column":10}},"loc":{"start":{"line":182,"column":44},"end":{"line":215,"column":3}}},"29":{"name":"(anonymous_55)","decl":{"start":{"line":203,"column":19},"end":{"line":203,"column":null}},"loc":{"start":{"line":203,"column":19},"end":{"line":206,"column":9}}},"30":{"name":"(anonymous_56)","decl":{"start":{"line":217,"column":2},"end":{"line":217,"column":9}},"loc":{"start":{"line":217,"column":35},"end":{"line":232,"column":3}}},"31":{"name":"(anonymous_57)","decl":{"start":{"line":234,"column":2},"end":{"line":234,"column":15}},"loc":{"start":{"line":234,"column":2},"end":{"line":246,"column":null}}},"32":{"name":"(anonymous_60)","decl":{"start":{"line":248,"column":2},"end":{"line":248,"column":10}},"loc":{"start":{"line":248,"column":2},"end":{"line":253,"column":3}}},"33":{"name":"(anonymous_61)","decl":{"start":{"line":255,"column":2},"end":{"line":255,"column":15}},"loc":{"start":{"line":255,"column":2},"end":{"line":272,"column":null}}}},"branchMap":{"0":{"loc":{"start":{"line":31,"column":4},"end":{"line":31,"column":11}},"type":"binary-expr","locations":[{"start":{"line":31,"column":4},"end":{"line":31,"column":11}},{"start":{"line":31,"column":11},"end":{"line":31,"column":null}}]},"1":{"loc":{"start":{"line":32,"column":14},"end":{"line":32,"column":16}},"type":"binary-expr","locations":[{"start":{"line":32,"column":14},"end":{"line":32,"column":16}},{"start":{"line":32,"column":20},"end":{"line":32,"column":37}}]},"2":{"loc":{"start":{"line":69,"column":4},"end":{"line":69,"column":50}},"type":"if","locations":[{"start":{"line":69,"column":4},"end":{"line":69,"column":50}},{"start":{"line":69,"column":4},"end":{"line":69,"column":50}}]},"3":{"loc":{"start":{"line":96,"column":29},"end":{"line":96,"column":31}},"type":"cond-expr","locations":[{"start":{"line":96,"column":29},"end":{"line":96,"column":31}},{"start":{"line":96,"column":29},"end":{"line":96,"column":36}}]},"4":{"loc":{"start":{"line":96,"column":11},"end":{"line":96,"column":31}},"type":"binary-expr","locations":[{"start":{"line":96,"column":11},"end":{"line":96,"column":31}},{"start":{"line":96,"column":29},"end":{"line":96,"column":31}}]},"5":{"loc":{"start":{"line":154,"column":6},"end":{"line":154,"column":44}},"type":"if","locations":[{"start":{"line":154,"column":6},"end":{"line":154,"column":44}},{"start":{"line":154,"column":6},"end":{"line":154,"column":44}}]},"6":{"loc":{"start":{"line":161,"column":4},"end":{"line":163,"column":null}},"type":"if","locations":[{"start":{"line":161,"column":4},"end":{"line":163,"column":null}},{"start":{"line":161,"column":4},"end":{"line":163,"column":null}}]},"7":{"loc":{"start":{"line":167,"column":4},"end":{"line":169,"column":null}},"type":"if","locations":[{"start":{"line":167,"column":4},"end":{"line":169,"column":null}},{"start":{"line":167,"column":4},"end":{"line":169,"column":null}}]},"8":{"loc":{"start":{"line":185,"column":4},"end":{"line":199,"column":null}},"type":"if","locations":[{"start":{"line":185,"column":4},"end":{"line":199,"column":null}},{"start":{"line":185,"column":4},"end":{"line":199,"column":null}}]},"9":{"loc":{"start":{"line":186,"column":6},"end":{"line":188,"column":null}},"type":"if","locations":[{"start":{"line":186,"column":6},"end":{"line":188,"column":null}},{"start":{"line":186,"column":6},"end":{"line":188,"column":null}}]},"10":{"loc":{"start":{"line":190,"column":6},"end":{"line":198,"column":null}},"type":"if","locations":[{"start":{"line":190,"column":6},"end":{"line":198,"column":null}},{"start":{"line":190,"column":6},"end":{"line":198,"column":null}}]},"11":{"loc":{"start":{"line":201,"column":4},"end":{"line":210,"column":null}},"type":"if","locations":[{"start":{"line":201,"column":4},"end":{"line":210,"column":null}},{"start":{"line":201,"column":4},"end":{"line":210,"column":null}}]},"12":{"loc":{"start":{"line":202,"column":6},"end":{"line":209,"column":null}},"type":"if","locations":[{"start":{"line":202,"column":6},"end":{"line":209,"column":null}},{"start":{"line":202,"column":6},"end":{"line":209,"column":null}}]},"13":{"loc":{"start":{"line":219,"column":4},"end":{"line":221,"column":null}},"type":"if","locations":[{"start":{"line":219,"column":4},"end":{"line":221,"column":null}},{"start":{"line":219,"column":4},"end":{"line":221,"column":null}}]},"14":{"loc":{"start":{"line":225,"column":4},"end":{"line":227,"column":null}},"type":"if","locations":[{"start":{"line":225,"column":4},"end":{"line":227,"column":null}},{"start":{"line":225,"column":4},"end":{"line":227,"column":null}}]},"15":{"loc":{"start":{"line":229,"column":4},"end":{"line":231,"column":null}},"type":"if","locations":[{"start":{"line":229,"column":4},"end":{"line":231,"column":null}},{"start":{"line":229,"column":4},"end":{"line":231,"column":null}}]},"16":{"loc":{"start":{"line":235,"column":4},"end":{"line":235,"column":36}},"type":"if","locations":[{"start":{"line":235,"column":4},"end":{"line":235,"column":36}},{"start":{"line":235,"column":4},"end":{"line":235,"column":36}}]},"17":{"loc":{"start":{"line":238,"column":6},"end":{"line":238,"column":47}},"type":"if","locations":[{"start":{"line":238,"column":6},"end":{"line":238,"column":47}},{"start":{"line":238,"column":6},"end":{"line":238,"column":47}}]},"18":{"loc":{"start":{"line":242,"column":6},"end":{"line":244,"column":null}},"type":"if","locations":[{"start":{"line":242,"column":6},"end":{"line":244,"column":null}},{"start":{"line":242,"column":6},"end":{"line":244,"column":null}}]},"19":{"loc":{"start":{"line":251,"column":6},"end":{"line":251,"column":75}},"type":"if","locations":[{"start":{"line":251,"column":6},"end":{"line":251,"column":75}},{"start":{"line":251,"column":6},"end":{"line":251,"column":75}}]},"20":{"loc":{"start":{"line":256,"column":4},"end":{"line":256,"column":36}},"type":"if","locations":[{"start":{"line":256,"column":4},"end":{"line":256,"column":36}},{"start":{"line":256,"column":4},"end":{"line":256,"column":36}}]},"21":{"loc":{"start":{"line":261,"column":6},"end":{"line":261,"column":48}},"type":"if","locations":[{"start":{"line":261,"column":6},"end":{"line":261,"column":48}},{"start":{"line":261,"column":6},"end":{"line":261,"column":48}}]},"22":{"loc":{"start":{"line":264,"column":6},"end":{"line":264,"column":59}},"type":"if","locations":[{"start":{"line":264,"column":6},"end":{"line":264,"column":59}},{"start":{"line":264,"column":6},"end":{"line":264,"column":59}}]}},"s":{"0":1,"1":1,"2":1,"3":1,"4":1,"5":1,"6":1,"7":1,"8":1,"9":1,"10":0,"11":0,"12":0,"13":0,"14":0,"15":0,"16":0,"17":0,"18":0,"19":0,"20":0,"21":0,"22":1,"23":0,"24":0,"25":1,"26":0,"27":0,"28":1,"29":0,"30":1,"31":0,"32":1,"33":0,"34":0,"35":0,"36":0,"37":0,"38":0,"39":0,"40":0,"41":0,"42":0,"43":0,"44":0,"45":0,"46":0,"47":0,"48":1,"49":0,"50":1,"51":0,"52":1,"53":0,"54":1,"55":0,"56":0,"57":1,"58":0,"59":0,"60":0,"61":0,"62":0,"63":0,"64":1,"65":0,"66":0,"67":0,"68":0,"69":0,"70":0,"71":1,"72":0,"73":1,"74":0,"75":1,"76":0,"77":0,"78":0,"79":0,"80":0,"81":0,"82":0,"83":0,"84":0,"85":0,"86":0,"87":1,"88":0,"89":0,"90":1,"91":0,"92":0,"93":0,"94":0,"95":0,"96":0,"97":1,"98":0,"99":0,"100":0,"101":0,"102":0,"103":0,"104":0,"105":0,"106":0,"107":0,"108":0,"109":0,"110":0,"111":0,"112":0,"113":1,"114":0,"115":0,"116":0,"117":0,"118":0,"119":0,"120":0,"121":0,"122":1,"123":0,"124":0,"125":0,"126":0,"127":0,"128":0,"129":0,"130":1,"131":0,"132":0,"133":0,"134":0,"135":0,"136":0,"137":1,"138":0,"139":0,"140":0,"141":0,"142":0,"143":0,"144":0,"145":0,"146":0,"147":0,"148":0,"149":1,"150":1},"f":{"0":1,"1":0,"2":0,"3":0,"4":0,"5":0,"6":0,"7":0,"8":0,"9":0,"10":0,"11":0,"12":0,"13":0,"14":0,"15":0,"16":0,"17":0,"18":0,"19":0,"20":0,"21":0,"22":0,"23":0,"24":0,"25":0,"26":0,"27":0,"28":0,"29":0,"30":0,"31":0,"32":0,"33":0},"b":{"0":[0,0],"1":[0,0],"2":[0,0],"3":[0,0],"4":[0,0],"5":[0,0],"6":[0,0],"7":[0,0],"8":[0,0],"9":[0,0],"10":[0,0],"11":[0,0],"12":[0,0],"13":[0,0],"14":[0,0],"15":[0,0],"16":[0,0],"17":[0,0],"18":[0,0],"19":[0,0],"20":[0,0],"21":[0,0],"22":[0,0]}}
,"/Users/erikrehn/Desktop/fun/rtcdux/src/lib/RTCDux.ts": {"path":"/Users/erikrehn/Desktop/fun/rtcdux/src/lib/RTCDux.ts","statementMap":{"0":{"start":{"line":1,"column":0},"end":{"line":1,"column":40}},"1":{"start":{"line":3,"column":0},"end":{"line":3,"column":44}},"2":{"start":{"line":5,"column":0},"end":{"line":5,"column":null}},"3":{"start":{"line":5,"column":54},"end":{"line":5,"column":64}},"4":{"start":{"line":11,"column":4},"end":{"line":11,"column":null}},"5":{"start":{"line":12,"column":4},"end":{"line":12,"column":27}},"6":{"start":{"line":13,"column":4},"end":{"line":13,"column":48}},"7":{"start":{"line":14,"column":4},"end":{"line":14,"column":74}},"8":{"start":{"line":17,"column":10},"end":{"line":20,"column":null}},"9":{"start":{"line":18,"column":4},"end":{"line":18,"column":55}},"10":{"start":{"line":19,"column":4},"end":{"line":19,"column":29}},"11":{"start":{"line":22,"column":9},"end":{"line":26,"column":null}},"12":{"start":{"line":23,"column":4},"end":{"line":23,"column":79}},"13":{"start":{"line":24,"column":4},"end":{"line":24,"column":29}},"14":{"start":{"line":25,"column":4},"end":{"line":25,"column":18}},"15":{"start":{"line":28,"column":9},"end":{"line":30,"column":null}},"16":{"start":{"line":29,"column":4},"end":{"line":29,"column":22}},"17":{"start":{"line":32,"column":9},"end":{"line":34,"column":null}},"18":{"start":{"line":33,"column":4},"end":{"line":33,"column":27}},"19":{"start":{"line":36,"column":9},"end":{"line":71,"column":null}},"20":{"start":{"line":36,"column":2},"end":{"line":36,"column":9}},"21":{"start":{"line":45,"column":22},"end":{"line":63,"column":5}},"22":{"start":{"line":46,"column":6},"end":{"line":52,"column":null}},"23":{"start":{"line":54,"column":27},"end":{"line":58,"column":7}},"24":{"start":{"line":55,"column":8},"end":{"line":57,"column":null}},"25":{"start":{"line":56,"column":10},"end":{"line":56,"column":42}},"26":{"start":{"line":60,"column":6},"end":{"line":60,"column":21}},"27":{"start":{"line":61,"column":26},"end":{"line":61,"column":54}},"28":{"start":{"line":62,"column":6},"end":{"line":62,"column":29}},"29":{"start":{"line":65,"column":4},"end":{"line":70,"column":null}},"30":{"start":{"line":68,"column":8},"end":{"line":68,"column":20}},"31":{"start":{"line":73,"column":9},"end":{"line":75,"column":null}},"32":{"start":{"line":74,"column":4},"end":{"line":74,"column":51}},"33":{"start":{"line":77,"column":9},"end":{"line":79,"column":null}},"34":{"start":{"line":78,"column":4},"end":{"line":78,"column":48}},"35":{"start":{"line":81,"column":9},"end":{"line":83,"column":null}},"36":{"start":{"line":82,"column":4},"end":{"line":82,"column":43}},"37":{"start":{"line":84,"column":0},"end":{"line":84,"column":null}},"38":{"start":{"line":5,"column":13},"end":{"line":5,"column":24}}},"fnMap":{"0":{"name":"(anonymous_7)","decl":{"start":{"line":5,"column":0},"end":{"line":5,"column":13}},"loc":{"start":{"line":5,"column":0},"end":{"line":84,"column":null}}},"1":{"name":"RTCDuxStore","decl":{"start":{"line":10,"column":2},"end":{"line":10,"column":14}},"loc":{"start":{"line":10,"column":49},"end":{"line":15,"column":3}}},"2":{"name":"(anonymous_9)","decl":{"start":{"line":17,"column":2},"end":{"line":17,"column":10}},"loc":{"start":{"line":17,"column":39},"end":{"line":20,"column":3}}},"3":{"name":"(anonymous_10)","decl":{"start":{"line":22,"column":2},"end":{"line":22,"column":9}},"loc":{"start":{"line":22,"column":40},"end":{"line":26,"column":3}}},"4":{"name":"(anonymous_11)","decl":{"start":{"line":28,"column":2},"end":{"line":28,"column":9}},"loc":{"start":{"line":28,"column":2},"end":{"line":30,"column":3}}},"5":{"name":"(anonymous_12)","decl":{"start":{"line":32,"column":2},"end":{"line":32,"column":9}},"loc":{"start":{"line":32,"column":46},"end":{"line":34,"column":3}}},"6":{"name":"(anonymous_13)","decl":{"start":{"line":36,"column":2},"end":{"line":36,"column":9}},"loc":{"start":{"line":36,"column":2},"end":{"line":71,"column":3}}},"7":{"name":"(anonymous_14)","decl":{"start":{"line":45,"column":22},"end":{"line":45,"column":23}},"loc":{"start":{"line":45,"column":44},"end":{"line":63,"column":5}}},"8":{"name":"(anonymous_15)","decl":{"start":{"line":54,"column":27},"end":{"line":54,"column":null}},"loc":{"start":{"line":54,"column":27},"end":{"line":58,"column":7}}},"9":{"name":"(anonymous_16)","decl":{"start":{"line":67,"column":6},"end":{"line":67,"column":7}},"loc":{"start":{"line":67,"column":6},"end":{"line":69,"column":7}}},"10":{"name":"(anonymous_17)","decl":{"start":{"line":73,"column":2},"end":{"line":73,"column":9}},"loc":{"start":{"line":73,"column":31},"end":{"line":75,"column":3}}},"11":{"name":"(anonymous_18)","decl":{"start":{"line":77,"column":2},"end":{"line":77,"column":9}},"loc":{"start":{"line":77,"column":2},"end":{"line":79,"column":3}}},"12":{"name":"(anonymous_19)","decl":{"start":{"line":81,"column":2},"end":{"line":81,"column":9}},"loc":{"start":{"line":81,"column":2},"end":{"line":83,"column":3}}}},"branchMap":{"0":{"loc":{"start":{"line":11,"column":4},"end":{"line":11,"column":11}},"type":"binary-expr","locations":[{"start":{"line":11,"column":4},"end":{"line":11,"column":11}},{"start":{"line":11,"column":11},"end":{"line":11,"column":null}}]},"1":{"loc":{"start":{"line":46,"column":6},"end":{"line":52,"column":null}},"type":"if","locations":[{"start":{"line":46,"column":6},"end":{"line":52,"column":null}},{"start":{"line":46,"column":6},"end":{"line":52,"column":null}}]},"2":{"loc":{"start":{"line":46,"column":10},"end":{"line":46,"column":38}},"type":"binary-expr","locations":[{"start":{"line":46,"column":10},"end":{"line":46,"column":38}},{"start":{"line":46,"column":42},"end":{"line":46,"column":59}}]},"3":{"loc":{"start":{"line":55,"column":8},"end":{"line":57,"column":null}},"type":"if","locations":[{"start":{"line":55,"column":8},"end":{"line":57,"column":null}},{"start":{"line":55,"column":8},"end":{"line":57,"column":null}}]}},"s":{"0":1,"1":1,"2":1,"3":1,"4":0,"5":0,"6":0,"7":0,"8":1,"9":0,"10":0,"11":1,"12":0,"13":0,"14":0,"15":1,"16":0,"17":1,"18":0,"19":1,"20":0,"21":0,"22":0,"23":0,"24":0,"25":0,"26":0,"27":0,"28":0,"29":0,"30":0,"31":1,"32":0,"33":1,"34":0,"35":1,"36":0,"37":1,"38":1},"f":{"0":1,"1":0,"2":0,"3":0,"4":0,"5":0,"6":0,"7":0,"8":0,"9":0,"10":0,"11":0,"12":0},"b":{"0":[0,0],"1":[0,0],"2":[0,0],"3":[0,0]}}
,"/Users/erikrehn/Desktop/fun/rtcdux/src/lib/createStore.ts": {"path":"/Users/erikrehn/Desktop/fun/rtcdux/src/lib/createStore.ts","statementMap":{"0":{"start":{"line":3,"column":0},"end":{"line":3,"column":39}},"1":{"start":{"line":8,"column":2},"end":{"line":8,"column":40}},"2":{"start":{"line":11,"column":0},"end":{"line":11,"column":27}}},"fnMap":{"0":{"name":"createStore","decl":{"start":{"line":5,"column":9},"end":{"line":5,"column":20}},"loc":{"start":{"line":6,"column":24},"end":{"line":9,"column":1}}}},"branchMap":{},"s":{"0":1,"1":0,"2":1},"f":{"0":0},"b":{}}
,"/Users/erikrehn/Desktop/fun/rtcdux/src/lib/models/Message.ts": {"path":"/Users/erikrehn/Desktop/fun/rtcdux/src/lib/models/Message.ts","statementMap":{"0":{"start":{"line":3,"column":0},"end":{"line":3,"column":null}},"1":{"start":{"line":9,"column":4},"end":{"line":9,"column":23}},"2":{"start":{"line":10,"column":4},"end":{"line":10,"column":32}},"3":{"start":{"line":11,"column":4},"end":{"line":11,"column":32}},"4":{"start":{"line":14,"column":10},"end":{"line":16,"column":null}},"5":{"start":{"line":15,"column":4},"end":{"line":15,"column":55}},"6":{"start":{"line":17,"column":0},"end":{"line":17,"column":null}},"7":{"start":{"line":19,"column":0},"end":{"line":19,"column":23}}},"fnMap":{"0":{"name":"(anonymous_0)","decl":{"start":{"line":3,"column":0},"end":{"line":3,"column":null}},"loc":{"start":{"line":3,"column":0},"end":{"line":17,"column":null}}},"1":{"name":"Message","decl":{"start":{"line":8,"column":2},"end":{"line":8,"column":14}},"loc":{"start":{"line":8,"column":28},"end":{"line":12,"column":3}}},"2":{"name":"(anonymous_2)","decl":{"start":{"line":14,"column":2},"end":{"line":14,"column":10}},"loc":{"start":{"line":14,"column":2},"end":{"line":16,"column":3}}}},"branchMap":{},"s":{"0":1,"1":0,"2":0,"3":0,"4":1,"5":0,"6":1,"7":1},"f":{"0":1,"1":0,"2":0},"b":{}}
,"/Users/erikrehn/Desktop/fun/rtcdux/src/lib/redux/internalReducer.ts": {"path":"/Users/erikrehn/Desktop/fun/rtcdux/src/lib/redux/internalReducer.ts","statementMap":{"0":{"start":{"line":6,"column":24},"end":{"line":68,"column":1}},"1":{"start":{"line":7,"column":2},"end":{"line":9,"column":null}},"2":{"start":{"line":13,"column":2},"end":{"line":26,"column":null}},"3":{"start":{"line":14,"column":15},"end":{"line":14,"column":36}},"4":{"start":{"line":15,"column":4},"end":{"line":23,"column":null}},"5":{"start":{"line":15,"column":27},"end":{"line":15,"column":47}},"6":{"start":{"line":17,"column":6},"end":{"line":23,"column":null}},"7":{"start":{"line":28,"column":2},"end":{"line":43,"column":null}},"8":{"start":{"line":29,"column":18},"end":{"line":29,"column":39}},"9":{"start":{"line":30,"column":4},"end":{"line":37,"column":null}},"10":{"start":{"line":30,"column":28},"end":{"line":30,"column":53}},"11":{"start":{"line":30,"column":51},"end":{"line":30,"column":53}},"12":{"start":{"line":30,"column":24},"end":{"line":30,"column":28}},"13":{"start":{"line":31,"column":6},"end":{"line":36,"column":10}},"14":{"start":{"line":32,"column":8},"end":{"line":32,"column":53}},"15":{"start":{"line":34,"column":8},"end":{"line":36,"column":10}},"16":{"start":{"line":39,"column":4},"end":{"line":41,"column":null}},"17":{"start":{"line":45,"column":2},"end":{"line":53,"column":null}},"18":{"start":{"line":46,"column":22},"end":{"line":46,"column":43}},"19":{"start":{"line":47,"column":4},"end":{"line":47,"column":47}},"20":{"start":{"line":49,"column":4},"end":{"line":51,"column":null}},"21":{"start":{"line":55,"column":2},"end":{"line":65,"column":null}},"22":{"start":{"line":56,"column":4},"end":{"line":62,"column":null}},"23":{"start":{"line":67,"column":2},"end":{"line":67,"column":22}},"24":{"start":{"line":70,"column":0},"end":{"line":70,"column":31}}},"fnMap":{"0":{"name":"(anonymous_4)","decl":{"start":{"line":6,"column":24},"end":{"line":6,"column":null}},"loc":{"start":{"line":11,"column":19},"end":{"line":68,"column":1}}}},"branchMap":{"0":{"loc":{"start":{"line":7,"column":2},"end":{"line":9,"column":null}},"type":"if","locations":[{"start":{"line":7,"column":2},"end":{"line":9,"column":null}},{"start":{"line":7,"column":2},"end":{"line":9,"column":null}}]},"1":{"loc":{"start":{"line":13,"column":2},"end":{"line":26,"column":null}},"type":"if","locations":[{"start":{"line":13,"column":2},"end":{"line":26,"column":null}},{"start":{"line":13,"column":2},"end":{"line":26,"column":null}}]},"2":{"loc":{"start":{"line":15,"column":4},"end":{"line":23,"column":null}},"type":"if","locations":[{"start":{"line":15,"column":4},"end":{"line":23,"column":null}},{"start":{"line":15,"column":4},"end":{"line":23,"column":null}}]},"3":{"loc":{"start":{"line":28,"column":2},"end":{"line":43,"column":null}},"type":"if","locations":[{"start":{"line":28,"column":2},"end":{"line":43,"column":null}},{"start":{"line":28,"column":2},"end":{"line":43,"column":null}}]},"4":{"loc":{"start":{"line":31,"column":6},"end":{"line":36,"column":10}},"type":"if","locations":[{"start":{"line":31,"column":6},"end":{"line":36,"column":10}},{"start":{"line":31,"column":6},"end":{"line":36,"column":10}}]},"5":{"loc":{"start":{"line":45,"column":2},"end":{"line":53,"column":null}},"type":"if","locations":[{"start":{"line":45,"column":2},"end":{"line":53,"column":null}},{"start":{"line":45,"column":2},"end":{"line":53,"column":null}}]},"6":{"loc":{"start":{"line":55,"column":2},"end":{"line":65,"column":null}},"type":"if","locations":[{"start":{"line":55,"column":2},"end":{"line":65,"column":null}},{"start":{"line":55,"column":2},"end":{"line":65,"column":null}}]}},"s":{"0":1,"1":0,"2":0,"3":0,"4":0,"5":0,"6":0,"7":0,"8":0,"9":0,"10":0,"11":0,"12":0,"13":0,"14":0,"15":0,"16":0,"17":0,"18":0,"19":0,"20":0,"21":0,"22":0,"23":0,"24":1},"f":{"0":0},"b":{"0":[0,0],"1":[0,0],"2":[0,0],"3":[0,0],"4":[0,0],"5":[0,0],"6":[0,0]}}
,"/Users/erikrehn/Desktop/fun/rtcdux/src/lib/utils/Observable.ts": {"path":"/Users/erikrehn/Desktop/fun/rtcdux/src/lib/utils/Observable.ts","statementMap":{"0":{"start":{"line":1,"column":0},"end":{"line":1,"column":null}},"1":{"start":{"line":2,"column":10},"end":{"line":2,"column":50}},"2":{"start":{"line":4,"column":9},"end":{"line":7,"column":null}},"3":{"start":{"line":5,"column":4},"end":{"line":5,"column":43}},"4":{"start":{"line":6,"column":4},"end":{"line":6,"column":20}},"5":{"start":{"line":9,"column":9},"end":{"line":13,"column":null}},"6":{"start":{"line":10,"column":4},"end":{"line":12,"column":null}},"7":{"start":{"line":10,"column":27},"end":{"line":10,"column":52}},"8":{"start":{"line":10,"column":50},"end":{"line":10,"column":52}},"9":{"start":{"line":10,"column":23},"end":{"line":10,"column":27}},"10":{"start":{"line":11,"column":6},"end":{"line":11,"column":17}},"11":{"start":{"line":14,"column":0},"end":{"line":14,"column":null}},"12":{"start":{"line":16,"column":0},"end":{"line":16,"column":26}}},"fnMap":{"0":{"name":"(anonymous_2)","decl":{"start":{"line":1,"column":0},"end":{"line":1,"column":null}},"loc":{"start":{"line":1,"column":0},"end":{"line":14,"column":null}}},"1":{"name":"(anonymous_4)","decl":{"start":{"line":4,"column":2},"end":{"line":4,"column":9}},"loc":{"start":{"line":4,"column":39},"end":{"line":7,"column":3}}},"2":{"name":"(anonymous_5)","decl":{"start":{"line":6,"column":11},"end":{"line":6,"column":18}},"loc":{"start":{"line":6,"column":11},"end":{"line":6,"column":19}}},"3":{"name":"(anonymous_6)","decl":{"start":{"line":9,"column":2},"end":{"line":9,"column":9}},"loc":{"start":{"line":9,"column":2},"end":{"line":13,"column":3}}}},"branchMap":{},"s":{"0":1,"1":0,"2":1,"3":0,"4":0,"5":1,"6":0,"7":0,"8":0,"9":0,"10":0,"11":1,"12":1},"f":{"0":1,"1":0,"2":0,"3":0},"b":{}}
,"/Users/erikrehn/Desktop/fun/rtcdux/src/lib/utils/ScheduledTask.ts": {"path":"/Users/erikrehn/Desktop/fun/rtcdux/src/lib/utils/ScheduledTask.ts","statementMap":{"0":{"start":{"line":7,"column":0},"end":{"line":7,"column":null}},"1":{"start":{"line":12,"column":24},"end":{"line":12,"column":41}},"2":{"start":{"line":10,"column":10},"end":{"line":10,"column":36}},"3":{"start":{"line":13,"column":4},"end":{"line":15,"column":6}},"4":{"start":{"line":20,"column":9},"end":{"line":27,"column":null}},"5":{"start":{"line":20,"column":2},"end":{"line":20,"column":9}},"6":{"start":{"line":21,"column":4},"end":{"line":26,"column":null}},"7":{"start":{"line":22,"column":6},"end":{"line":24,"column":19}},"8":{"start":{"line":23,"column":8},"end":{"line":23,"column":23}},"9":{"start":{"line":25,"column":6},"end":{"line":25,"column":27}},"10":{"start":{"line":29,"column":9},"end":{"line":34,"column":null}},"11":{"start":{"line":30,"column":4},"end":{"line":33,"column":null}},"12":{"start":{"line":31,"column":6},"end":{"line":31,"column":37}},"13":{"start":{"line":32,"column":6},"end":{"line":32,"column":28}},"14":{"start":{"line":35,"column":0},"end":{"line":35,"column":null}},"15":{"start":{"line":37,"column":0},"end":{"line":37,"column":null}},"16":{"start":{"line":37,"column":46},"end":{"line":37,"column":59}},"17":{"start":{"line":38,"column":2},"end":{"line":43,"column":null}},"18":{"start":{"line":39,"column":4},"end":{"line":42,"column":7}},"19":{"start":{"line":44,"column":0},"end":{"line":44,"column":null}},"20":{"start":{"line":37,"column":13},"end":{"line":37,"column":37}},"21":{"start":{"line":46,"column":0},"end":{"line":46,"column":null}},"22":{"start":{"line":46,"column":53},"end":{"line":46,"column":66}},"23":{"start":{"line":52,"column":4},"end":{"line":52,"column":null}},"24":{"start":{"line":49,"column":12},"end":{"line":49,"column":38}},"25":{"start":{"line":55,"column":2},"end":{"line":70,"column":null}},"26":{"start":{"line":56,"column":18},"end":{"line":56,"column":55}},"27":{"start":{"line":57,"column":4},"end":{"line":57,"column":23}},"28":{"start":{"line":57,"column":16},"end":{"line":57,"column":23}},"29":{"start":{"line":59,"column":4},"end":{"line":69,"column":null}},"30":{"start":{"line":60,"column":30},"end":{"line":60,"column":57}},"31":{"start":{"line":61,"column":6},"end":{"line":61,"column":37}},"32":{"start":{"line":61,"column":28},"end":{"line":61,"column":37}},"33":{"start":{"line":63,"column":6},"end":{"line":68,"column":null}},"34":{"start":{"line":64,"column":8},"end":{"line":67,"column":11}},"35":{"start":{"line":71,"column":0},"end":{"line":71,"column":null}},"36":{"start":{"line":46,"column":13},"end":{"line":46,"column":44}}},"fnMap":{"0":{"name":"(anonymous_6)","decl":{"start":{"line":7,"column":0},"end":{"line":7,"column":null}},"loc":{"start":{"line":7,"column":0},"end":{"line":35,"column":null}}},"1":{"name":"ScheduledTask","decl":{"start":{"line":12,"column":2},"end":{"line":12,"column":24}},"loc":{"start":{"line":12,"column":71},"end":{"line":16,"column":3}}},"2":{"name":"(anonymous_8)","decl":{"start":{"line":20,"column":2},"end":{"line":20,"column":9}},"loc":{"start":{"line":20,"column":34},"end":{"line":27,"column":3}}},"3":{"name":"(anonymous_9)","decl":{"start":{"line":22,"column":43},"end":{"line":22,"column":null}},"loc":{"start":{"line":22,"column":43},"end":{"line":24,"column":7}}},"4":{"name":"(anonymous_10)","decl":{"start":{"line":29,"column":2},"end":{"line":29,"column":9}},"loc":{"start":{"line":29,"column":2},"end":{"line":34,"column":3}}},"5":{"name":"(anonymous_11)","decl":{"start":{"line":37,"column":0},"end":{"line":37,"column":13}},"loc":{"start":{"line":37,"column":0},"end":{"line":44,"column":null}}},"6":{"name":"(anonymous_13)","decl":{"start":{"line":38,"column":2},"end":{"line":38,"column":9}},"loc":{"start":{"line":38,"column":2},"end":{"line":43,"column":3}}},"7":{"name":"(anonymous_14)","decl":{"start":{"line":46,"column":0},"end":{"line":46,"column":13}},"loc":{"start":{"line":46,"column":0},"end":{"line":71,"column":null}}},"8":{"name":"RemoveUnresponsiveScheduledTask","decl":{"start":{"line":47,"column":2},"end":{"line":47,"column":null}},"loc":{"start":{"line":50,"column":32},"end":{"line":53,"column":3}}},"9":{"name":"(anonymous_16)","decl":{"start":{"line":55,"column":2},"end":{"line":55,"column":9}},"loc":{"start":{"line":55,"column":2},"end":{"line":70,"column":3}}}},"branchMap":{"0":{"loc":{"start":{"line":14,"column":30},"end":{"line":14,"column":34}},"type":"cond-expr","locations":[{"start":{"line":14,"column":30},"end":{"line":14,"column":34}},{"start":{"line":14,"column":34},"end":{"line":14,"column":38}}]},"1":{"loc":{"start":{"line":14,"column":15},"end":{"line":14,"column":34}},"type":"binary-expr","locations":[{"start":{"line":14,"column":15},"end":{"line":14,"column":34}},{"start":{"line":14,"column":30},"end":{"line":14,"column":34}}]},"2":{"loc":{"start":{"line":14,"column":21},"end":{"line":14,"column":23}},"type":"cond-expr","locations":[{"start":{"line":14,"column":21},"end":{"line":14,"column":23}},{"start":{"line":14,"column":15},"end":{"line":14,"column":30}}]},"3":{"loc":{"start":{"line":14,"column":15},"end":{"line":14,"column":23}},"type":"binary-expr","locations":[{"start":{"line":14,"column":15},"end":{"line":14,"column":23}},{"start":{"line":14,"column":15},"end":{"line":14,"column":23}}]},"4":{"loc":{"start":{"line":21,"column":4},"end":{"line":26,"column":null}},"type":"if","locations":[{"start":{"line":21,"column":4},"end":{"line":26,"column":null}},{"start":{"line":21,"column":4},"end":{"line":26,"column":null}}]},"5":{"loc":{"start":{"line":30,"column":4},"end":{"line":33,"column":null}},"type":"if","locations":[{"start":{"line":30,"column":4},"end":{"line":33,"column":null}},{"start":{"line":30,"column":4},"end":{"line":33,"column":null}}]},"6":{"loc":{"start":{"line":30,"column":8},"end":{"line":30,"column":21}},"type":"binary-expr","locations":[{"start":{"line":30,"column":8},"end":{"line":30,"column":21}},{"start":{"line":30,"column":25},"end":{"line":30,"column":40}}]},"7":{"loc":{"start":{"line":52,"column":4},"end":{"line":52,"column":25}},"type":"binary-expr","locations":[{"start":{"line":52,"column":4},"end":{"line":52,"column":25}},{"start":{"line":52,"column":25},"end":{"line":52,"column":null}}]},"8":{"loc":{"start":{"line":56,"column":48},"end":{"line":56,"column":50}},"type":"cond-expr","locations":[{"start":{"line":56,"column":48},"end":{"line":56,"column":50}},{"start":{"line":56,"column":48},"end":{"line":56,"column":55}}]},"9":{"loc":{"start":{"line":56,"column":18},"end":{"line":56,"column":50}},"type":"binary-expr","locations":[{"start":{"line":56,"column":18},"end":{"line":56,"column":50}},{"start":{"line":56,"column":48},"end":{"line":56,"column":50}}]},"10":{"loc":{"start":{"line":57,"column":4},"end":{"line":57,"column":23}},"type":"if","locations":[{"start":{"line":57,"column":4},"end":{"line":57,"column":23}},{"start":{"line":57,"column":4},"end":{"line":57,"column":23}}]},"11":{"loc":{"start":{"line":61,"column":6},"end":{"line":61,"column":37}},"type":"if","locations":[{"start":{"line":61,"column":6},"end":{"line":61,"column":37}},{"start":{"line":61,"column":6},"end":{"line":61,"column":37}}]},"12":{"loc":{"start":{"line":63,"column":6},"end":{"line":68,"column":null}},"type":"if","locations":[{"start":{"line":63,"column":6},"end":{"line":68,"column":null}},{"start":{"line":63,"column":6},"end":{"line":68,"column":null}}]}},"s":{"0":1,"1":0,"2":0,"3":0,"4":1,"5":0,"6":0,"7":0,"8":0,"9":0,"10":1,"11":0,"12":0,"13":0,"14":1,"15":1,"16":1,"17":1,"18":0,"19":1,"20":1,"21":1,"22":1,"23":0,"24":0,"25":1,"26":0,"27":0,"28":0,"29":0,"30":0,"31":0,"32":0,"33":0,"34":0,"35":1,"36":1},"f":{"0":1,"1":0,"2":0,"3":0,"4":0,"5":1,"6":0,"7":1,"8":0,"9":0},"b":{"0":[0,0],"1":[0,0],"2":[0,0],"3":[0,0],"4":[0,0],"5":[0,0],"6":[0,0],"7":[0,0],"8":[0,0],"9":[0,0],"10":[0,0],"11":[0,0],"12":[0,0]}}
,"/Users/erikrehn/Desktop/fun/rtcdux/src/lib/utils/hash.ts": {"path":"/Users/erikrehn/Desktop/fun/rtcdux/src/lib/utils/hash.ts","statementMap":{"0":{"start":{"line":1,"column":13},"end":{"line":5,"column":1}},"1":{"start":{"line":2,"column":2},"end":{"line":4,"column":63}},"2":{"start":{"line":4,"column":22},"end":{"line":4,"column":60}},"3":{"start":{"line":7,"column":0},"end":{"line":7,"column":20}}},"fnMap":{"0":{"name":"(anonymous_0)","decl":{"start":{"line":1,"column":13},"end":{"line":1,"column":14}},"loc":{"start":{"line":1,"column":25},"end":{"line":5,"column":1}}},"1":{"name":"(anonymous_1)","decl":{"start":{"line":4,"column":12},"end":{"line":4,"column":13}},"loc":{"start":{"line":4,"column":17},"end":{"line":4,"column":23}}}},"branchMap":{},"s":{"0":1,"1":0,"2":0,"3":1},"f":{"0":0,"1":0},"b":{}}
}
