TN:
SF:src/index.ts
FNF:0
FNH:0
DA:1,1
DA:3,1
LF:2
LH:2
BRF:0
BRH:0
end_of_record
TN:
SF:src/lib/RTCClient.ts
FN:20,(anonymous_24)
FN:30,RTCClient
FN:35,(anonymous_26)
FN:39,(anonymous_27)
FN:47,(anonymous_28)
FN:51,(anonymous_29)
FN:59,(anonymous_30)
FN:63,(anonymous_31)
FN:67,(anonymous_32)
FN:74,(anonymous_33)
FN:81,(anonymous_34)
FN:82,(anonymous_35)
FN:95,(anonymous_36)
FN:99,(anonymous_37)
FN:103,(anonymous_38)
FN:107,(anonymous_39)
FN:112,(anonymous_40)
FN:113,(anonymous_41)
FN:118,(anonymous_42)
FN:123,(anonymous_43)
FN:124,(anonymous_46)
FN:125,(anonymous_47)
FN:130,(anonymous_48)
FN:136,(anonymous_49)
FN:140,(anonymous_50)
FN:147,(anonymous_51)
FN:160,(anonymous_52)
FN:166,(anonymous_53)
FN:182,(anonymous_54)
FN:203,(anonymous_55)
FN:217,(anonymous_56)
FN:234,(anonymous_57)
FN:248,(anonymous_60)
FN:255,(anonymous_61)
FNF:34
FNH:1
FNDA:1,(anonymous_24)
FNDA:0,RTCClient
FNDA:0,(anonymous_26)
FNDA:0,(anonymous_27)
FNDA:0,(anonymous_28)
FNDA:0,(anonymous_29)
FNDA:0,(anonymous_30)
FNDA:0,(anonymous_31)
FNDA:0,(anonymous_32)
FNDA:0,(anonymous_33)
FNDA:0,(anonymous_34)
FNDA:0,(anonymous_35)
FNDA:0,(anonymous_36)
FNDA:0,(anonymous_37)
FNDA:0,(anonymous_38)
FNDA:0,(anonymous_39)
FNDA:0,(anonymous_40)
FNDA:0,(anonymous_41)
FNDA:0,(anonymous_42)
FNDA:0,(anonymous_43)
FNDA:0,(anonymous_46)
FNDA:0,(anonymous_47)
FNDA:0,(anonymous_48)
FNDA:0,(anonymous_49)
FNDA:0,(anonymous_50)
FNDA:0,(anonymous_51)
FNDA:0,(anonymous_52)
FNDA:0,(anonymous_53)
FNDA:0,(anonymous_54)
FNDA:0,(anonymous_55)
FNDA:0,(anonymous_56)
FNDA:0,(anonymous_57)
FNDA:0,(anonymous_60)
FNDA:0,(anonymous_61)
DA:1,1
DA:2,1
DA:4,1
DA:6,1
DA:7,1
DA:11,1
DA:13,1
DA:14,1
DA:20,1
DA:22,0
DA:31,0
DA:32,0
DA:33,0
DA:34,0
DA:35,0
DA:36,0
DA:37,0
DA:39,0
DA:40,0
DA:41,0
DA:44,0
DA:47,1
DA:48,0
DA:51,1
DA:52,0
DA:53,0
DA:59,1
DA:60,0
DA:63,1
DA:64,0
DA:67,1
DA:68,0
DA:69,0
DA:71,0
DA:72,0
DA:74,0
DA:75,0
DA:76,0
DA:79,0
DA:81,0
DA:82,0
DA:83,0
DA:89,0
DA:90,0
DA:95,1
DA:96,0
DA:99,1
DA:100,0
DA:103,1
DA:104,0
DA:107,1
DA:108,0
DA:109,0
DA:112,1
DA:113,0
DA:114,0
DA:115,0
DA:118,0
DA:119,0
DA:123,1
DA:124,0
DA:125,0
DA:126,0
DA:127,0
DA:130,0
DA:131,0
DA:136,1
DA:137,0
DA:140,1
DA:141,0
DA:147,1
DA:148,0
DA:149,0
DA:151,0
DA:152,0
DA:153,0
DA:154,0
DA:157,0
DA:160,1
DA:161,0
DA:162,0
DA:166,1
DA:167,0
DA:168,0
DA:171,0
DA:172,0
DA:173,0
DA:174,0
DA:182,1
DA:183,0
DA:185,0
DA:186,0
DA:187,0
DA:190,0
DA:191,0
DA:201,0
DA:202,0
DA:203,0
DA:204,0
DA:205,0
DA:208,0
DA:212,0
DA:214,0
DA:217,1
DA:218,0
DA:219,0
DA:220,0
DA:223,0
DA:225,0
DA:226,0
DA:229,0
DA:230,0
DA:234,1
DA:235,0
DA:236,0
DA:238,0
DA:242,0
DA:243,0
DA:248,1
DA:249,0
DA:251,0
DA:255,1
DA:256,0
DA:259,0
DA:261,0
DA:264,0
DA:266,0
DA:268,0
DA:271,0
DA:273,1
LF:130
LH:31
BRDA:31,0,0,0
BRDA:31,0,1,0
BRDA:32,1,0,0
BRDA:32,1,1,0
BRDA:69,2,0,0
BRDA:69,2,1,0
BRDA:96,3,0,0
BRDA:96,3,1,0
BRDA:96,4,0,0
BRDA:96,4,1,0
BRDA:154,5,0,0
BRDA:154,5,1,0
BRDA:161,6,0,0
BRDA:161,6,1,0
BRDA:167,7,0,0
BRDA:167,7,1,0
BRDA:185,8,0,0
BRDA:185,8,1,0
BRDA:186,9,0,0
BRDA:186,9,1,0
BRDA:190,10,0,0
BRDA:190,10,1,0
BRDA:201,11,0,0
BRDA:201,11,1,0
BRDA:202,12,0,0
BRDA:202,12,1,0
BRDA:219,13,0,0
BRDA:219,13,1,0
BRDA:225,14,0,0
BRDA:225,14,1,0
BRDA:229,15,0,0
BRDA:229,15,1,0
BRDA:235,16,0,0
BRDA:235,16,1,0
BRDA:238,17,0,0
BRDA:238,17,1,0
BRDA:242,18,0,0
BRDA:242,18,1,0
BRDA:251,19,0,0
BRDA:251,19,1,0
BRDA:256,20,0,0
BRDA:256,20,1,0
BRDA:261,21,0,0
BRDA:261,21,1,0
BRDA:264,22,0,0
BRDA:264,22,1,0
BRF:46
BRH:0
end_of_record
TN:
SF:src/lib/RTCDux.ts
FN:5,(anonymous_7)
FN:10,RTCDuxStore
FN:17,(anonymous_9)
FN:22,(anonymous_10)
FN:28,(anonymous_11)
FN:32,(anonymous_12)
FN:36,(anonymous_13)
FN:45,(anonymous_14)
FN:54,(anonymous_15)
FN:67,(anonymous_16)
FN:73,(anonymous_17)
FN:77,(anonymous_18)
FN:81,(anonymous_19)
FNF:13
FNH:1
FNDA:1,(anonymous_7)
FNDA:0,RTCDuxStore
FNDA:0,(anonymous_9)
FNDA:0,(anonymous_10)
FNDA:0,(anonymous_11)
FNDA:0,(anonymous_12)
FNDA:0,(anonymous_13)
FNDA:0,(anonymous_14)
FNDA:0,(anonymous_15)
FNDA:0,(anonymous_16)
FNDA:0,(anonymous_17)
FNDA:0,(anonymous_18)
FNDA:0,(anonymous_19)
DA:1,1
DA:3,1
DA:5,1
DA:11,0
DA:12,0
DA:13,0
DA:14,0
DA:17,1
DA:18,0
DA:19,0
DA:22,1
DA:23,0
DA:24,0
DA:25,0
DA:28,1
DA:29,0
DA:32,1
DA:33,0
DA:36,1
DA:45,0
DA:46,0
DA:54,0
DA:55,0
DA:56,0
DA:60,0
DA:61,0
DA:62,0
DA:65,0
DA:68,0
DA:73,1
DA:74,0
DA:77,1
DA:78,0
DA:81,1
DA:82,0
DA:84,1
LF:36
LH:12
BRDA:11,0,0,0
BRDA:11,0,1,0
BRDA:46,1,0,0
BRDA:46,1,1,0
BRDA:46,2,0,0
BRDA:46,2,1,0
BRDA:55,3,0,0
BRDA:55,3,1,0
BRF:8
BRH:0
end_of_record
TN:
SF:src/lib/createStore.ts
FN:5,createStore
FNF:1
FNH:0
FNDA:0,createStore
DA:3,1
DA:8,0
DA:11,1
LF:3
LH:2
BRF:0
BRH:0
end_of_record
TN:
SF:src/lib/models/Message.ts
FN:3,(anonymous_0)
FN:8,Message
FN:14,(anonymous_2)
FNF:3
FNH:1
FNDA:1,(anonymous_0)
FNDA:0,Message
FNDA:0,(anonymous_2)
DA:3,1
DA:9,0
DA:10,0
DA:11,0
DA:14,1
DA:15,0
DA:17,1
DA:19,1
LF:8
LH:4
BRF:0
BRH:0
end_of_record
TN:
SF:src/lib/redux/internalReducer.ts
FN:6,(anonymous_4)
FNF:1
FNH:0
FNDA:0,(anonymous_4)
DA:6,1
DA:7,0
DA:13,0
DA:14,0
DA:15,0
DA:17,0
DA:28,0
DA:29,0
DA:30,0
DA:31,0
DA:32,0
DA:34,0
DA:39,0
DA:45,0
DA:46,0
DA:47,0
DA:49,0
DA:55,0
DA:56,0
DA:67,0
DA:70,1
LF:21
LH:2
BRDA:7,0,0,0
BRDA:7,0,1,0
BRDA:13,1,0,0
BRDA:13,1,1,0
BRDA:15,2,0,0
BRDA:15,2,1,0
BRDA:28,3,0,0
BRDA:28,3,1,0
BRDA:31,4,0,0
BRDA:31,4,1,0
BRDA:45,5,0,0
BRDA:45,5,1,0
BRDA:55,6,0,0
BRDA:55,6,1,0
BRF:14
BRH:0
end_of_record
TN:
SF:src/lib/utils/Observable.ts
FN:1,(anonymous_2)
FN:4,(anonymous_4)
FN:6,(anonymous_5)
FN:9,(anonymous_6)
FNF:4
FNH:1
FNDA:1,(anonymous_2)
FNDA:0,(anonymous_4)
FNDA:0,(anonymous_5)
FNDA:0,(anonymous_6)
DA:1,1
DA:2,0
DA:4,1
DA:5,0
DA:6,0
DA:9,1
DA:10,0
DA:11,0
DA:14,1
DA:16,1
LF:10
LH:5
BRF:0
BRH:0
end_of_record
TN:
SF:src/lib/utils/ScheduledTask.ts
FN:7,(anonymous_6)
FN:12,ScheduledTask
FN:20,(anonymous_8)
FN:22,(anonymous_9)
FN:29,(anonymous_10)
FN:37,(anonymous_11)
FN:38,(anonymous_13)
FN:46,(anonymous_14)
FN:47,RemoveUnresponsiveScheduledTask
FN:55,(anonymous_16)
FNF:10
FNH:3
FNDA:1,(anonymous_6)
FNDA:0,ScheduledTask
FNDA:0,(anonymous_8)
FNDA:0,(anonymous_9)
FNDA:0,(anonymous_10)
FNDA:1,(anonymous_11)
FNDA:0,(anonymous_13)
FNDA:1,(anonymous_14)
FNDA:0,RemoveUnresponsiveScheduledTask
FNDA:0,(anonymous_16)
DA:7,1
DA:10,0
DA:12,0
DA:13,0
DA:20,1
DA:21,0
DA:22,0
DA:23,0
DA:25,0
DA:29,1
DA:30,0
DA:31,0
DA:32,0
DA:35,1
DA:37,1
DA:38,1
DA:39,0
DA:44,1
DA:46,1
DA:49,0
DA:52,0
DA:55,1
DA:56,0
DA:57,0
DA:59,0
DA:60,0
DA:61,0
DA:63,0
DA:64,0
DA:71,1
LF:30
LH:10
BRDA:14,0,0,0
BRDA:14,0,1,0
BRDA:14,1,0,0
BRDA:14,1,1,0
BRDA:14,2,0,0
BRDA:14,2,1,0
BRDA:14,3,0,0
BRDA:14,3,1,0
BRDA:21,4,0,0
BRDA:21,4,1,0
BRDA:30,5,0,0
BRDA:30,5,1,0
BRDA:30,6,0,0
BRDA:30,6,1,0
BRDA:52,7,0,0
BRDA:52,7,1,0
BRDA:56,8,0,0
BRDA:56,8,1,0
BRDA:56,9,0,0
BRDA:56,9,1,0
BRDA:57,10,0,0
BRDA:57,10,1,0
BRDA:61,11,0,0
BRDA:61,11,1,0
BRDA:63,12,0,0
BRDA:63,12,1,0
BRF:26
BRH:0
end_of_record
TN:
SF:src/lib/utils/hash.ts
FN:1,(anonymous_0)
FN:4,(anonymous_1)
FNF:2
FNH:0
FNDA:0,(anonymous_0)
FNDA:0,(anonymous_1)
DA:1,1
DA:2,0
DA:4,0
DA:7,1
LF:4
LH:2
BRF:0
BRH:0
end_of_record
